<?xml version="1.0" encoding="UTF-8"?>
<testsuite xmlns:xsi="http://www.w3.org/2001/XMLSchema-instance" xsi:noNamespaceSchemaLocation="https://maven.apache.org/surefire/maven-surefire-plugin/xsd/surefire-test-report.xsd" name="TestSuite" time="24.114" tests="5" errors="0" skipped="0" failures="0">
  <properties>
    <property name="java.specification.version" value="20"/>
    <property name="sun.cpu.isalist" value="amd64"/>
    <property name="sun.jnu.encoding" value="Cp1252"/>
    <property name="java.class.path" value="E:\My Projects\Development\automation\eclipsev2\eWebShop_PW\target\test-classes;E:\My Projects\Development\automation\eclipsev2\eWebShop_PW\target\classes;C:\Users\write\.m2\repository\com\microsoft\playwright\playwright\1.42.0\playwright-1.42.0.jar;C:\Users\write\.m2\repository\com\google\code\gson\gson\2.10.1\gson-2.10.1.jar;C:\Users\write\.m2\repository\org\opentest4j\opentest4j\1.3.0\opentest4j-1.3.0.jar;C:\Users\write\.m2\repository\com\microsoft\playwright\driver\1.42.0\driver-1.42.0.jar;C:\Users\write\.m2\repository\com\microsoft\playwright\driver-bundle\1.42.0\driver-bundle-1.42.0.jar;C:\Users\write\.m2\repository\org\apache\pdfbox\pdfbox\2.0.27\pdfbox-2.0.27.jar;C:\Users\write\.m2\repository\org\apache\pdfbox\fontbox\2.0.27\fontbox-2.0.27.jar;C:\Users\write\.m2\repository\commons-logging\commons-logging\1.2\commons-logging-1.2.jar;C:\Users\write\.m2\repository\org\testng\testng\7.6.0\testng-7.6.0.jar;C:\Users\write\.m2\repository\com\google\code\findbugs\jsr305\3.0.2\jsr305-3.0.2.jar;C:\Users\write\.m2\repository\org\slf4j\slf4j-api\1.7.36\slf4j-api-1.7.36.jar;C:\Users\write\.m2\repository\com\beust\jcommander\1.82\jcommander-1.82.jar;C:\Users\write\.m2\repository\org\webjars\jquery\3.6.0\jquery-3.6.0.jar;C:\Users\write\.m2\repository\org\apache\poi\poi\5.2.2\poi-5.2.2.jar;C:\Users\write\.m2\repository\commons-codec\commons-codec\1.15\commons-codec-1.15.jar;C:\Users\write\.m2\repository\org\apache\commons\commons-collections4\4.4\commons-collections4-4.4.jar;C:\Users\write\.m2\repository\org\apache\commons\commons-math3\3.6.1\commons-math3-3.6.1.jar;C:\Users\write\.m2\repository\commons-io\commons-io\2.11.0\commons-io-2.11.0.jar;C:\Users\write\.m2\repository\com\zaxxer\SparseBitSet\1.2\SparseBitSet-1.2.jar;C:\Users\write\.m2\repository\org\apache\logging\log4j\log4j-api\2.17.2\log4j-api-2.17.2.jar;C:\Users\write\.m2\repository\org\apache\poi\poi-ooxml\5.2.2\poi-ooxml-5.2.2.jar;C:\Users\write\.m2\repository\org\apache\poi\poi-ooxml-lite\5.2.2\poi-ooxml-lite-5.2.2.jar;C:\Users\write\.m2\repository\org\apache\xmlbeans\xmlbeans\5.0.3\xmlbeans-5.0.3.jar;C:\Users\write\.m2\repository\org\apache\commons\commons-compress\1.21\commons-compress-1.21.jar;C:\Users\write\.m2\repository\com\github\virtuald\curvesapi\1.07\curvesapi-1.07.jar;C:\Users\write\.m2\repository\com\aventstack\extentreports\5.0.9\extentreports-5.0.9.jar;C:\Users\write\.m2\repository\io\reactivex\rxjava3\rxjava\3.0.4\rxjava-3.0.4.jar;C:\Users\write\.m2\repository\org\reactivestreams\reactive-streams\1.0.3\reactive-streams-1.0.3.jar;C:\Users\write\.m2\repository\org\freemarker\freemarker\2.3.30\freemarker-2.3.30.jar;C:\Users\write\.m2\repository\log4j\log4j\1.2.17\log4j-1.2.17.jar;C:\Users\write\.m2\repository\org\projectlombok\lombok\1.18.24\lombok-1.18.24.jar;"/>
    <property name="java.vm.vendor" value="Oracle Corporation"/>
    <property name="sun.arch.data.model" value="64"/>
    <property name="user.variant" value=""/>
    <property name="java.vendor.url" value="https://java.oracle.com/"/>
    <property name="user.timezone" value="America/Edmonton"/>
    <property name="os.name" value="Windows 11"/>
    <property name="java.vm.specification.version" value="20"/>
    <property name="sun.java.launcher" value="SUN_STANDARD"/>
    <property name="user.country" value="CA"/>
    <property name="sun.boot.library.path" value="C:\Program Files\Java\jdk-20\bin"/>
    <property name="sun.java.command" value="C:\Users\write\AppData\Local\Temp\surefire13798454449071892515\surefirebooter2689062267128996626.jar C:\Users\write\AppData\Local\Temp\surefire13798454449071892515 2024-04-19T11-47-28_787-jvmRun1 surefire5411443594016180480tmp surefire_03312965823876792779tmp"/>
    <property name="jdk.debug" value="release"/>
    <property name="surefire.test.class.path" value="E:\My Projects\Development\automation\eclipsev2\eWebShop_PW\target\test-classes;E:\My Projects\Development\automation\eclipsev2\eWebShop_PW\target\classes;C:\Users\write\.m2\repository\com\microsoft\playwright\playwright\1.42.0\playwright-1.42.0.jar;C:\Users\write\.m2\repository\com\google\code\gson\gson\2.10.1\gson-2.10.1.jar;C:\Users\write\.m2\repository\org\opentest4j\opentest4j\1.3.0\opentest4j-1.3.0.jar;C:\Users\write\.m2\repository\com\microsoft\playwright\driver\1.42.0\driver-1.42.0.jar;C:\Users\write\.m2\repository\com\microsoft\playwright\driver-bundle\1.42.0\driver-bundle-1.42.0.jar;C:\Users\write\.m2\repository\org\apache\pdfbox\pdfbox\2.0.27\pdfbox-2.0.27.jar;C:\Users\write\.m2\repository\org\apache\pdfbox\fontbox\2.0.27\fontbox-2.0.27.jar;C:\Users\write\.m2\repository\commons-logging\commons-logging\1.2\commons-logging-1.2.jar;C:\Users\write\.m2\repository\org\testng\testng\7.6.0\testng-7.6.0.jar;C:\Users\write\.m2\repository\com\google\code\findbugs\jsr305\3.0.2\jsr305-3.0.2.jar;C:\Users\write\.m2\repository\org\slf4j\slf4j-api\1.7.36\slf4j-api-1.7.36.jar;C:\Users\write\.m2\repository\com\beust\jcommander\1.82\jcommander-1.82.jar;C:\Users\write\.m2\repository\org\webjars\jquery\3.6.0\jquery-3.6.0.jar;C:\Users\write\.m2\repository\org\apache\poi\poi\5.2.2\poi-5.2.2.jar;C:\Users\write\.m2\repository\commons-codec\commons-codec\1.15\commons-codec-1.15.jar;C:\Users\write\.m2\repository\org\apache\commons\commons-collections4\4.4\commons-collections4-4.4.jar;C:\Users\write\.m2\repository\org\apache\commons\commons-math3\3.6.1\commons-math3-3.6.1.jar;C:\Users\write\.m2\repository\commons-io\commons-io\2.11.0\commons-io-2.11.0.jar;C:\Users\write\.m2\repository\com\zaxxer\SparseBitSet\1.2\SparseBitSet-1.2.jar;C:\Users\write\.m2\repository\org\apache\logging\log4j\log4j-api\2.17.2\log4j-api-2.17.2.jar;C:\Users\write\.m2\repository\org\apache\poi\poi-ooxml\5.2.2\poi-ooxml-5.2.2.jar;C:\Users\write\.m2\repository\org\apache\poi\poi-ooxml-lite\5.2.2\poi-ooxml-lite-5.2.2.jar;C:\Users\write\.m2\repository\org\apache\xmlbeans\xmlbeans\5.0.3\xmlbeans-5.0.3.jar;C:\Users\write\.m2\repository\org\apache\commons\commons-compress\1.21\commons-compress-1.21.jar;C:\Users\write\.m2\repository\com\github\virtuald\curvesapi\1.07\curvesapi-1.07.jar;C:\Users\write\.m2\repository\com\aventstack\extentreports\5.0.9\extentreports-5.0.9.jar;C:\Users\write\.m2\repository\io\reactivex\rxjava3\rxjava\3.0.4\rxjava-3.0.4.jar;C:\Users\write\.m2\repository\org\reactivestreams\reactive-streams\1.0.3\reactive-streams-1.0.3.jar;C:\Users\write\.m2\repository\org\freemarker\freemarker\2.3.30\freemarker-2.3.30.jar;C:\Users\write\.m2\repository\log4j\log4j\1.2.17\log4j-1.2.17.jar;C:\Users\write\.m2\repository\org\projectlombok\lombok\1.18.24\lombok-1.18.24.jar;"/>
    <property name="sun.cpu.endian" value="little"/>
    <property name="user.home" value="C:\Users\write"/>
    <property name="user.language" value="en"/>
    <property name="java.specification.vendor" value="Oracle Corporation"/>
    <property name="java.version.date" value="2023-07-18"/>
    <property name="java.home" value="C:\Program Files\Java\jdk-20"/>
    <property name="file.separator" value="\"/>
    <property name="basedir" value="E:\My Projects\Development\automation\eclipsev2\eWebShop_PW"/>
    <property name="java.vm.compressedOopsMode" value="Zero based"/>
    <property name="line.separator" value="&#10;"/>
    <property name="java.vm.specification.vendor" value="Oracle Corporation"/>
    <property name="java.specification.name" value="Java Platform API Specification"/>
    <property name="surefire.real.class.path" value="C:\Users\write\AppData\Local\Temp\surefire13798454449071892515\surefirebooter2689062267128996626.jar"/>
    <property name="user.script" value=""/>
    <property name="sun.management.compiler" value="HotSpot 64-Bit Tiered Compilers"/>
    <property name="java.runtime.version" value="20.0.2+9-78"/>
    <property name="user.name" value="write"/>
    <property name="stdout.encoding" value="Cp1252"/>
    <property name="path.separator" value=";"/>
    <property name="os.version" value="10.0"/>
    <property name="java.runtime.name" value="Java(TM) SE Runtime Environment"/>
    <property name="file.encoding" value="UTF-8"/>
    <property name="java.vm.name" value="Java HotSpot(TM) 64-Bit Server VM"/>
    <property name="localRepository" value="C:\Users\write\.m2\repository"/>
    <property name="java.vendor.url.bug" value="https://bugreport.java.com/bugreport/"/>
    <property name="java.io.tmpdir" value="C:\Users\write\AppData\Local\Temp\"/>
    <property name="java.version" value="20.0.2"/>
    <property name="user.dir" value="E:\My Projects\Development\automation\eclipsev2\eWebShop_PW"/>
    <property name="os.arch" value="amd64"/>
    <property name="java.vm.specification.name" value="Java Virtual Machine Specification"/>
    <property name="sun.os.patch.level" value=""/>
    <property name="native.encoding" value="Cp1252"/>
    <property name="java.library.path" value="C:\Program Files\Java\jdk-20\bin;C:\WINDOWS\Sun\Java\bin;C:\WINDOWS\system32;C:\WINDOWS;C:\Program Files (x86)\TRICENTIS\Tosca Testsuite\ToscaCommander;;C:\Program Files\Common Files\Oracle\Java\javapath;C:\Windows\system32;C:\Windows;C:\Windows\System32\Wbem;C:\Windows\System32\WindowsPowerShell\v1.0\;C:\Windows\System32\OpenSSH\;C:\Program Files (x86)\NVIDIA Corporation\PhysX\Common;C:\Program Files\NVIDIA Corporation\NVIDIA NvDLISR;C:\WINDOWS\system32;C:\WINDOWS;C:\WINDOWS\System32\Wbem;C:\WINDOWS\System32\WindowsPowerShell\v1.0\;C:\WINDOWS\System32\OpenSSH\;C:\Program Files\dotnet\;C:\Program Files\Java\jdk-20\bin;C:\apache-maven-3.9.4\bin;C:\apache-maven-3.9.4\bin;C:\Program Files\Java\jdk-20\bin;C:\Program Files\nodejs\;C:\Program Files (x86)\OpenText\UFT One\bin;C:\gradle-5.4.1\bin;C:\Program Files\Microsoft SQL Server\150\Tools\Binn\;C:\Program Files (x86)\Common Files\Intel\Shared Libraries\redist\intel64_win\compiler;C:\Users\write\AppData\Local\Microsoft\WindowsApps;C:\Program Files\JetBrains\PyCharm 2023.2.1\bin;C:\Users\write\AppData\Roaming\npm;C:\Users\write\AppData\Local\Programs\Microsoft VS Code\bin;."/>
    <property name="java.vm.info" value="mixed mode, sharing"/>
    <property name="stderr.encoding" value="Cp1252"/>
    <property name="java.vendor" value="Oracle Corporation"/>
    <property name="java.vm.version" value="20.0.2+9-78"/>
    <property name="sun.io.unicode.encoding" value="UnicodeLittle"/>
    <property name="java.class.version" value="64.0"/>
  </properties>
  <testcase name="LoginNavigation_Test" classname="com.eWebShop_PW.tests.LoginPageTests" time="0.58"/>
  <testcase name="searchPrd_Test" classname="com.eWebShop_PW.tests.HomePageSrchTests" time="0.891"/>
  <testcase name="searchPrd_Test" classname="com.eWebShop_PW.tests.HomePageSrchTests" time="0.89"/>
  <testcase name="homePageTitle_Test" classname="com.eWebShop_PW.tests.HomePageSrchTests" time="0.168"/>
  <testcase name="homePageURL_Test" classname="com.eWebShop_PW.tests.HomePageSrchTests" time="0.159"/>
</testsuite>