<?xml version="1.0" encoding="UTF-8"?>
<!-- Generated by org.testng.reporters.JUnitReportReporter -->
<testsuite hostname="Godzilla-ASUSDesktop" failures="0" tests="4" name="com.eWebShop_PW.tests.HomePageTests" time="1.357" errors="0" timestamp="2024-04-17T00:10:57 MDT" skipped="0">
  <testcase classname="com.eWebShop_PW.tests.HomePageTests" name="homePageURL_Test" time="0.001"/>
  <system-out/>
  <testcase classname="com.eWebShop_PW.tests.HomePageTests" name="homePageTitle_Test" time="0.011"/>
  <system-out/>
  <testcase classname="com.eWebShop_PW.tests.HomePageTests" name="searchPrd_Test" time="0.674"/>
  <system-out/>
  <testcase classname="com.eWebShop_PW.tests.HomePageTests" name="searchPrd_Test" time="0.671"/>
  <system-out/>
</testsuite> <!-- com.eWebShop_PW.tests.HomePageTests -->
