<?xml version="1.0" encoding="UTF-8"?>
<!-- Generated by org.testng.reporters.JUnitReportReporter -->
<testsuite hostname="Godzilla-ASUSDesktop" failures="0" tests="1" name="com.eWebShop_PW.tests.LoginPageTests" time="5.500" errors="0" timestamp="2024-04-18T10:48:16 MDT" skipped="0">
  <testcase classname="com.eWebShop_PW.tests.LoginPageTests" name="LoginNavigation_Test" time="5.500"/>
</testsuite> <!-- com.eWebShop_PW.tests.LoginPageTests -->
