<?xml version="1.0" encoding="UTF-8"?>
<!-- Generated by org.testng.reporters.JUnitReportReporter -->
<testsuite hostname="Godzilla-ASUSDesktop" failures="0" tests="1" name="com.eWebShop_PW.tests.LoginPageTests" time="5.056" errors="0" timestamp="2024-04-19T11:59:18 MDT" skipped="0">
  <testcase classname="com.eWebShop_PW.tests.LoginPageTests" name="LoginNavigation_Test" time="5.056"/>
  <system-out/>
</testsuite> <!-- com.eWebShop_PW.tests.LoginPageTests -->
