<?xml version="1.0" encoding="UTF-8"?>
<!-- Generated by org.testng.reporters.JUnitReportReporter -->
<testsuite hostname="Godzilla-ASUSDesktop" failures="0" tests="1" name="com.eWebShop_PW.tests.LoginPageTests" time="4.991" errors="0" timestamp="2024-04-18T20:28:55 MDT" skipped="0">
  <testcase classname="com.eWebShop_PW.tests.LoginPageTests" name="LoginNavigation_Test" time="4.991"/>
  <system-out/>
</testsuite> <!-- com.eWebShop_PW.tests.LoginPageTests -->
