<?xml version="1.0" encoding="UTF-8"?>
<!-- Generated by org.testng.reporters.JUnitReportReporter -->
<testsuite hostname="Godzilla-ASUSDesktop" failures="0" tests="4" name="com.eWebShop_PW.tests.HomePageSrchTests" time="14.615" errors="0" timestamp="2024-04-18T20:28:55 MDT" skipped="0">
  <testcase classname="com.eWebShop_PW.tests.HomePageSrchTests" name="searchPrd_Test" time="3.880"/>
  <system-out/>
  <testcase classname="com.eWebShop_PW.tests.HomePageSrchTests" name="searchPrd_Test" time="3.943"/>
  <system-out/>
  <testcase classname="com.eWebShop_PW.tests.HomePageSrchTests" name="homePageTitle_Test" time="3.389"/>
  <system-out/>
  <testcase classname="com.eWebShop_PW.tests.HomePageSrchTests" name="homePageURL_Test" time="3.403"/>
  <system-out/>
</testsuite> <!-- com.eWebShop_PW.tests.HomePageSrchTests -->
