<?xml version="1.0" encoding="UTF-8"?>
<!-- Generated by org.testng.reporters.JUnitReportReporter -->
<testsuite hostname="Godzilla-ASUSDesktop" failures="0" tests="4" name="com.eWebShop_PW.tests.HomePageSrchTests" time="15.625" errors="0" timestamp="2024-04-19T12:10:04 MDT" skipped="0">
  <testcase classname="com.eWebShop_PW.tests.HomePageSrchTests" name="searchPrd_Test" time="4.326"/>
  <system-out/>
  <testcase classname="com.eWebShop_PW.tests.HomePageSrchTests" name="searchPrd_Test" time="4.236"/>
  <system-out/>
  <testcase classname="com.eWebShop_PW.tests.HomePageSrchTests" name="homePageTitle_Test" time="3.454"/>
  <system-out/>
  <testcase classname="com.eWebShop_PW.tests.HomePageSrchTests" name="homePageURL_Test" time="3.609"/>
  <system-out/>
</testsuite> <!-- com.eWebShop_PW.tests.HomePageSrchTests -->
